app/build/outputs/logs/manifest-merger-debug-report.txt
-- Merging decision tree log ---
manifest
ADDED from src\main\AndroidManifest.xml:2:1-53:12
	package
		ADDED from src\main\AndroidManifest.xml:3:5-38
		INJECTED from src\main\AndroidManifest.xml
		INJECTED from src\main\AndroidManifest.xml
	android:versionName
		ADDED from src\main\AndroidManifest.xml:5:5-30
		INJECTED from src\main\AndroidManifest.xml
		INJECTED from src\main\AndroidManifest.xml
	android:versionCode
		ADDED from src\main\AndroidManifest.xml:4:5-28
		INJECTED from src\main\AndroidManifest.xml
		INJECTED from src\main\AndroidManifest.xml
	xmlns:android
		ADDED from src\main\AndroidManifest.xml:2:11-69
uses-sdk
ADDED from src\main\AndroidManifest.xml:7:5-9:41
MERGED from [com.android.support:support-v4:24.0.0-alpha2] AndroidManifest.xml:20:5-43
	android:targetSdkVersion
		ADDED from src\main\AndroidManifest.xml:9:9-38
		INJECTED from src\main\AndroidManifest.xml
		INJECTED from src\main\AndroidManifest.xml
	android:minSdkVersion
		ADDED from src\main\AndroidManifest.xml:8:9-35
		INJECTED from src\main\AndroidManifest.xml
		INJECTED from src\main\AndroidManifest.xml
uses-permission#android.permission.READ_PHONE_STATE
ADDED from src\main\AndroidManifest.xml:11:5-76
	android:name
		ADDED from src\main\AndroidManifest.xml:11:22-74
uses-permission#android.permission.CALL_PHONE
ADDED from src\main\AndroidManifest.xml:12:5-68
	android:name
		ADDED from src\main\AndroidManifest.xml:12:22-66
uses-permission#android.permission.PROCESS_OUTGOING_CALLS
ADDED from src\main\AndroidManifest.xml:13:5-80
	android:name
		ADDED from src\main\AndroidManifest.xml:13:22-78
uses-permission#android.permission.READ_CONTACTS
ADDED from src\main\AndroidManifest.xml:16:5-72
	android:name
		ADDED from src\main\AndroidManifest.xml:16:22-69
uses-permission#android.permission.WRITE_CONTACTS
ADDED from src\main\AndroidManifest.xml:18:5-73
	android:name
		ADDED from src\main\AndroidManifest.xml:18:22-70
uses-permission#android.permission.ACCESS_NETWORK_STATE
ADDED from src\main\AndroidManifest.xml:20:5-79
	android:name
		ADDED from src\main\AndroidManifest.xml:20:22-76
uses-permission#android.permission.INTERNET
ADDED from src\main\AndroidManifest.xml:21:5-67
	android:name
		ADDED from src\main\AndroidManifest.xml:21:22-64
application
ADDED from src\main\AndroidManifest.xml:24:5-51:19
MERGED from [com.android.support:support-v4:24.0.0-alpha2] AndroidManifest.xml:22:5-20
	android:label
		ADDED from src\main\AndroidManifest.xml:27:9-41
	android:allowBackup
		ADDED from src\main\AndroidManifest.xml:25:9-35
	android:icon
		ADDED from src\main\AndroidManifest.xml:26:9-45
	android:theme
		ADDED from src\main\AndroidManifest.xml:28:9-40
activity#com.flamingo.filterdemo.aty.MyActivity
ADDED from src\main\AndroidManifest.xml:29:9-37:20
	android:label
		ADDED from src\main\AndroidManifest.xml:31:13-45
	android:name
		ADDED from src\main\AndroidManifest.xml:30:13-43
intent-filter#android.intent.action.MAIN+android.intent.category.LAUNCHER
ADDED from src\main\AndroidManifest.xml:32:13-36:29
action#android.intent.action.MAIN
ADDED from src\main\AndroidManifest.xml:33:17-69
	android:name
		ADDED from src\main\AndroidManifest.xml:33:25-66
category#android.intent.category.LAUNCHER
ADDED from src\main\AndroidManifest.xml:35:17-77
	android:name
		ADDED from src\main\AndroidManifest.xml:35:27-74
receiver#com.flamingo.filterdemo.tool.BroadcastTrigger
ADDED from src\main\AndroidManifest.xml:39:9-43:20
	android:name
		ADDED from src\main\AndroidManifest.xml:39:19-56
intent-filter#android.intent.action.PHONE_STATE
ADDED from src\main\AndroidManifest.xml:40:13-42:29
action#android.intent.action.PHONE_STATE
ADDED from src\main\AndroidManifest.xml:41:17-76
	android:name
		ADDED from src\main\AndroidManifest.xml:41:25-73
service#com.flamingo.filterdemo.tool.ServiceMain
ADDED from src\main\AndroidManifest.xml:45:9-61
	android:name
		ADDED from src\main\AndroidManifest.xml:45:18-50
activity#com.flamingo.filterdemo.aty.ModeSelectAty
ADDED from src\main\AndroidManifest.xml:47:9-64
	android:name
		ADDED from src\main\AndroidManifest.xml:47:19-52
activity#com.flamingo.filterdemo.aty.BlackModeAty
ADDED from src\main\AndroidManifest.xml:48:9-63
	android:name
		ADDED from src\main\AndroidManifest.xml:48:19-51
activity#com.flamingo.filterdemo.aty.TimeModeAty
ADDED from src\main\AndroidManifest.xml:49:9-62
	android:name
		ADDED from src\main\AndroidManifest.xml:49:19-50
activity#com.flamingo.filterdemo.aty.LocationModeAty
ADDED from src\main\AndroidManifest.xml:50:9-66
	android:name
		ADDED from src\main\AndroidManifest.xml:50:19-54